<?xml version="1.0" encoding="UTF-8"?>
<!-- Generated by org.testng.reporters.JUnitXMLReporter -->
<testsuite ignored="0" hostname="AIPL-LT-1142" failures="1" tests="2" name="all-tests" time="13.995" errors="0" timestamp="2020-02-05T18:17:45 IST">
  <testcase classname="com.altimetrik.selenium.assessment.TC001" name="testcase001" time="0.805"/>
  <testcase classname="com.altimetrik.selenium.assessment.TC001" name="testcase001" time="0.443">
    <failure type="java.lang.AssertionError" message="expected [true] but found [false]">
      <![CDATA[java.lang.AssertionError: expected [true] but found [false]
at com.altimetrik.selenium.assessment.TC001.testcase001(TC001.java:50)
at java.base/java.util.ArrayList.forEach(ArrayList.java:1507)
... Removed 40 stack frames]]>
    </failure>
  </testcase> <!-- testcase001 -->
</testsuite> <!-- all-tests -->
