<?xml version="1.0" encoding="UTF-8"?>
<!-- Generated by org.testng.reporters.JUnitXMLReporter -->
<testsuite ignored="0" hostname="AIPL-LT-1142" failures="2" tests="2" name="assessment" time="17.089" errors="0" timestamp="2020-02-07T17:56:24 IST">
  <testcase classname="com.altimetrik.selenium.assessment.TC001" name="testcase001" time="0.665">
    <failure type="java.lang.AssertionError" message="null">
      <![CDATA[java.lang.AssertionError: null
at com.altimetrik.selenium.assessment.TC001.testcase001(TC001.java:82)
at java.base/java.util.ArrayList.forEach(ArrayList.java:1507)
... Removed 38 stack frames]]>
    </failure>
  </testcase> <!-- testcase001 -->
  <testcase classname="com.altimetrik.selenium.assessment.TC001" name="testcase001" time="0.693">
    <failure type="java.lang.AssertionError" message="null">
      <![CDATA[java.lang.AssertionError: null
at com.altimetrik.selenium.assessment.TC001.testcase001(TC001.java:82)
at java.base/java.util.ArrayList.forEach(ArrayList.java:1507)
... Removed 38 stack frames]]>
    </failure>
  </testcase> <!-- testcase001 -->
</testsuite> <!-- assessment -->
