<?xml version="1.0" encoding="UTF-8"?>
<testsuite name="TestSuite" time="3.981" tests="2" errors="0" skipped="0" failures="2">
  <properties>
[...]
</properties>
  <testcase name="testcase001" classname="com.altimetrik.selenium.assessment.TC001" time="1.979">
    <failure type="java.lang.AssertionError:">java.lang.AssertionError: null
	at org.testng.Assert.fail(Assert.java:97)
	at org.testng.Assert.fail(Assert.java:102)
	at com.altimetrik.selenium.assessment.TC001.testcase001(TC001.java:82)
</failure>
    <system-out>log4j: reset attribute= "false".
log4j: Threshold ="null".
log4j: Level value for root is  [TRACE].
log4j: root level set to TRACE
log4j: Class name: [org.apache.log4j.ConsoleAppender]
log4j: Parsing layout of class: "org.apache.log4j.PatternLayout"
log4j: Setting property [conversionPattern] to [%d{yyyy-MM-dd HH:mm:ss} %-5p %c{1}:%L - %m%n].
log4j: Adding appender named [console] to category [root].
log4j: Class name: [org.apache.log4j.DailyRollingFileAppender]
log4j: Setting property [append] to [false].
log4j: Setting property [file] to [appLogs.log].
log4j: Parsing layout of class: "org.apache.log4j.PatternLayout"
log4j: Setting property [conversionPattern] to [%d{yyyy-MM-dd HH:mm:ss} %-5p %c{1}:%L - %m%n].
log4j: setFile called: appLogs.log, false
log4j: setFile ended
log4j: Appender [file] to be rolled at midnight.
log4j: Adding appender named [file] to category [root].
chrome
2020-02-07 17:56:20 INFO  TC001:41 - Title Successfully Validated
2020-02-07 17:56:21 ERROR TC001:80 - No Match Found
2020-02-07 17:56:21 ERROR Listener:37 - ***** Error testcase001 has failed *****
</system-out>
    <system-err>log4j:WARN No such property [maxFileSize] in org.apache.log4j.DailyRollingFileAppender.
log4j:WARN No such property [maxBackupIndex] in org.apache.log4j.DailyRollingFileAppender.
Starting ChromeDriver 79.0.3945.36 (3582db32b33893869b8c1339e8f4d9ed1816f143-refs/branch-heads/3945@{#614}) on port 33927
Only local connections are allowed.
Please protect ports used by ChromeDriver and related test frameworks to prevent access by malicious code.
[1581078371.747][WARNING]: Timed out connecting to Chrome, retrying...
Feb 07, 2020 5:56:13 PM org.openqa.selenium.remote.ProtocolHandshake createSession
INFO: Detected dialect: W3C
[1581078375.829][WARNING]: Timed out connecting to Chrome, retrying...
</system-err>
  </testcase>
  <testcase name="testcase001" classname="com.altimetrik.selenium.assessment.TC001" time="2.002">
    <failure type="java.lang.AssertionError:">java.lang.AssertionError: null
	at org.testng.Assert.fail(Assert.java:97)
	at org.testng.Assert.fail(Assert.java:102)
	at com.altimetrik.selenium.assessment.TC001.testcase001(TC001.java:82)
</failure>
    <system-out>2020-02-07 17:56:22 INFO  TC001:41 - Title Successfully Validated
2020-02-07 17:56:23 ERROR TC001:80 - No Match Found
2020-02-07 17:56:23 ERROR Listener:37 - ***** Error testcase001 has failed *****
</system-out>
  </testcase>
</testsuite>